[2023-06-07 19:06:54.717] [info] Read Num : 737
[2023-06-07 19:06:54.718] [info] server_port : 5061
[2023-06-07 19:06:54.718] [info] device_port : 5060
[2023-06-07 19:06:54.718] [info] 加载配置文件完成
[2023-06-07 19:06:54.718] [info] device info: 
[2023-06-07 19:06:54.718] [info] server sip sid: 34070000002000000001
[2023-06-07 19:06:54.718] [info] server ip address: 192.168.50.100
[2023-06-07 19:06:54.718] [info] server port: 5061
[2023-06-07 19:06:54.718] [info] device sip id: 34030000002000000001
[2023-06-07 19:06:54.718] [info] username: admin
[2023-06-07 19:06:54.718] [info] password: zx123456
[2023-06-07 19:06:54.718] [info] manufacture: SC
[2023-06-07 19:06:54.718] [info] initialize end!
[2023-06-07 19:06:54.718] [info] main keepalive!
mUa:SC   mNonce:34030000002000000032  mIp:192.168.50.241   mPort:5060   mrtpPort:10000   mSipId:34030000002000000001   mSipRealm:3403000000   mSipPass:zx123456   mSipTimeout:1800   mSipExpiry:3600
-----+-------- NALU Table ------+---------+
 NUM |    POS  |    IDC |  TYPE |   LEN   |
-----+---------+--------+-------+---------+
    0|        0|  DISPOS|    AUD|        2|
    1|        6| HIGHTEST|    SPS|       24|
    2|       34| HIGHTEST|    PPS|        4|
    3|       42| HIGHTEST|    IDR|    60958|
    4|    61004|  DISPOS|    AUD|        2|
    5|    61010|    HIGH|  SLICE|     6772|
    6|    67786|  DISPOS|    AUD|        2|
    7|    67792|    HIGH|  SLICE|     7904|
    8|    75700|  DISPOS|    AUD|        2|
    9|    75706|    HIGH|  SLICE|     8506|
   10|    84216|  DISPOS|    AUD|        2|
   11|    84222|    HIGH|  SLICE|     8616|
   12|    92842|  DISPOS|    AUD|        2|
   13|    92848|    HIGH|  SLICE|     9606|
   14|   102458|  DISPOS|    AUD|        2|
   15|   102464|    HIGH|  SLICE|     9964|
   16|   112432|  DISPOS|    AUD|        2|
   17|   112438|    HIGH|  SLICE|    11733|
   18|   124175|  DISPOS|    AUD|        2|
   19|   124181|    HIGH|  SLICE|    12225|
   20|   136410|  DISPOS|    AUD|        2|
   21|   136416|    HIGH|  SLICE|    13028|
   22|   149448|  DISPOS|    AUD|        2|
   23|   149454|    HIGH|  SLICE|    27103|
   24|   176561|  DISPOS|    AUD|        2|
   25|   176567|    HIGH|  SLICE|    40593|
   26|   217164|  DISPOS|    AUD|        2|
   27|   217170|    HIGH|  SLICE|    16216|
   28|   233390|  DISPOS|    AUD|        2|
   29|   233396|    HIGH|  SLICE|     7125|
   30|   240525|  DISPOS|    AUD|        2|
   31|   240531|    HIGH|  SLICE|     4763|
   32|   245298|  DISPOS|    AUD|        2|
   33|   245304|    HIGH|  SLICE|     3841|
   34|   249149|  DISPOS|    AUD|        2|
   35|   249155|    HIGH|  SLICE|     3416|
   36|   252575|  DISPOS|    AUD|        2|
   37|   252581|    HIGH|  SLICE|     3632|
   38|   256217|  DISPOS|    AUD|        2|
   39|   256223|    HIGH|  SLICE|     2603|
   40|   258830|  DISPOS|    AUD|        2|
   41|   258836|    HIGH|  SLICE|     2141|
   42|   260981|  DISPOS|    AUD|        2|
   43|   260987|    HIGH|  SLICE|     2194|
   44|   263185|  DISPOS|    AUD|        2|
   45|   263191|    HIGH|  SLICE|     2205|
   46|   265400|  DISPOS|    AUD|        2|
   47|   265406|    HIGH|  SLICE|     1537|
   48|   266947|  DISPOS|    AUD|        2|
   49|   266953|    HIGH|  SLICE|     1198|
   50|   268155|  DISPOS|    AUD|        2|
   51|   268161|    HIGH|  SLICE|     1346|
   52|   269511|  DISPOS|    AUD|        2|
   53|   269517|    HIGH|  SLICE|     1223|
   54|   270744|  DISPOS|    AUD|        2|
   55|   270750|    HIGH|  SLICE|     1206|
   56|   271960|  DISPOS|    AUD|        2|
   57|   271966|    HIGH|  SLICE|     1250|
   58|   273220|  DISPOS|    AUD|        2|
   59|   273226|    HIGH|  SLICE|     1208|
   60|   274438|  DISPOS|    AUD|        2|
   61|   274444|    HIGH|  SLICE|     1265|
   62|   275713|  DISPOS|    AUD|        2|
   63|   275719|    HIGH|  SLICE|     1152|
   64|   276875|  DISPOS|    AUD|        2|
   65|   276881|    HIGH|  SLICE|     1517|
   66|   278402|  DISPOS|    AUD|        2|
   67|   278408|    HIGH|  SLICE|     1454|
   68|   279866|  DISPOS|    AUD|        2|
   69|   279872|    HIGH|  SLICE|      933|
   70|   280809|  DISPOS|    AUD|        2|
   71|   280815|    HIGH|  SLICE|     8620|
   72|   289439|  DISPOS|    AUD|        2|
   73|   289445|    HIGH|  SLICE|     3856|
   74|   293305|  DISPOS|    AUD|        2|
   75|   293311|    HIGH|  SLICE|     2065|
   76|   295380|  DISPOS|    AUD|        2|
   77|   295386|    HIGH|  SLICE|     1513|
   78|   296903|  DISPOS|    AUD|        2|
   79|   296909|    HIGH|  SLICE|     1556|
   80|   298469|  DISPOS|    AUD|        2|
   81|   298475|    HIGH|  SLICE|     1395|
   82|   299874|  DISPOS|    AUD|        2|
   83|   299880|    HIGH|  SLICE|     1468|
   84|   301352|  DISPOS|    AUD|        2|
   85|   301358|    HIGH|  SLICE|     1546|
   86|   302908|  DISPOS|    AUD|        2|
   87|   302914|    HIGH|  SLICE|     1597|
   88|   304515|  DISPOS|    AUD|        2|
   89|   304521|    HIGH|  SLICE|     1726|
   90|   306251|  DISPOS|    AUD|        2|
   91|   306257|    HIGH|  SLICE|     1563|
   92|   307824|  DISPOS|    AUD|        2|
   93|   307830|    HIGH|  SLICE|     1451|
   94|   309285|  DISPOS|    AUD|        2|
   95|   309291|    HIGH|  SLICE|     1472|
   96|   310767|  DISPOS|    AUD|        2|
   97|   310773|    HIGH|  SLICE|     1837|
   98|   312614|  DISPOS|    AUD|        2|
   99|   312620|    HIGH|  SLICE|     1256|
  100|   313880|  DISPOS|    AUD|        2|
  101|   313886|    HIGH|  SLICE|     1335|
  102|   315225|  DISPOS|    AUD|        2|
  103|   315231|    HIGH|  SLICE|     1092|
  104|   316327|  DISPOS|    AUD|        2|
  105|   316333|    HIGH|  SLICE|     1162|
  106|   317499|  DISPOS|    AUD|        2|
  107|   317505|    HIGH|  SLICE|      999|
  108|   318508|  DISPOS|    AUD|        2|
  109|   318514|    HIGH|  SLICE|     1062|
  110|   319580|  DISPOS|    AUD|        2|
  111|   319586|    HIGH|  SLICE|     1100|
  112|   320690|  DISPOS|    AUD|        2|
  113|   320696|    HIGH|  SLICE|     1468|
  114|   322168|  DISPOS|    AUD|        2|
  115|   322174|    HIGH|  SLICE|     2545|
  116|   324723|  DISPOS|    AUD|        2|
  117|   324729|    HIGH|  SLICE|     2354|
  118|   327087|  DISPOS|    AUD|        2|
  119|   327093|    HIGH|  SLICE|     9572|
  120|   336669|  DISPOS|    AUD|        2|
  121|   336675|    HIGH|  SLICE|     4508|
  122|   341187|  DISPOS|    AUD|        2|
  123|   341193|    HIGH|  SLICE|     3063|
  124|   344260|  DISPOS|    AUD|        2|
  125|   344266|    HIGH|  SLICE|     2376|
  126|   346646|  DISPOS|    AUD|        2|
  127|   346652|    HIGH|  SLICE|     1989|
  128|   348645|  DISPOS|    AUD|        2|
  129|   348651|    HIGH|  SLICE|     1744|
  130|   350399|  DISPOS|    AUD|        2|
  131|   350405|    HIGH|  SLICE|     1602|
  132|   352011|  DISPOS|    AUD|        2|
  133|   352017|    HIGH|  SLICE|     1329|
  134|   353350|  DISPOS|    AUD|        2|
  135|   353356|    HIGH|  SLICE|     1272|
  136|   354632|  DISPOS|    AUD|        2|
  137|   354638|    HIGH|  SLICE|     1885|
  138|   356527|  DISPOS|    AUD|        2|
  139|   356533|    HIGH|  SLICE|     1945|
  140|   358482|  DISPOS|    AUD|        2|
  141|   358488|    HIGH|  SLICE|     1834|
  142|   360326|  DISPOS|    AUD|        2|
  143|   360332|    HIGH|  SLICE|     1778|
  144|   362114|  DISPOS|    AUD|        2|
  145|   362120|    HIGH|  SLICE|     1983|
  146|   364107|  DISPOS|    AUD|        2|
  147|   364113|    HIGH|  SLICE|     2273|
  148|   366390|  DISPOS|    AUD|        2|
  149|   366396|    HIGH|  SLICE|     2452|
  150|   368852|  DISPOS|    AUD|        2|
  151|   368858|    HIGH|  SLICE|     2053|
  152|   370915|  DISPOS|    AUD|        2|
  153|   370921|    HIGH|  SLICE|     2318|
  154|   373243|  DISPOS|    AUD|        2|
  155|   373249|    HIGH|  SLICE|     1955|
  156|   375208|  DISPOS|    AUD|        2|
  157|   375214|    HIGH|  SLICE|     1950|
  158|   377168|  DISPOS|    AUD|        2|
  159|   377174|    HIGH|  SLICE|     1720|
  160|   378898|  DISPOS|    AUD|        2|
  161|   378904|    HIGH|  SLICE|     2122|
  162|   381030|  DISPOS|    AUD|        2|
  163|   381036|    HIGH|  SLICE|     2221|
  164|   383261|  DISPOS|    AUD|        2|
  165|   383267|    HIGH|  SLICE|     1467|
  166|   384738|  DISPOS|    AUD|        2|
  167|   384744|    HIGH|  SLICE|     4843|
  168|   389591|  DISPOS|    AUD|        2|
  169|   389597|    HIGH|  SLICE|     2299|
  170|   391900|  DISPOS|    AUD|        2|
  171|   391906|    HIGH|  SLICE|     2410|
  172|   394320|  DISPOS|    AUD|        2|
  173|   394326|    HIGH|  SLICE|     2011|
  174|   396341|  DISPOS|    AUD|        2|
  175|   396347|    HIGH|  SLICE|     2020|
  176|   398371|  DISPOS|    AUD|        2|
  177|   398377|    HIGH|  SLICE|     1865|
  178|   400246|  DISPOS|    AUD|        2|
  179|   400252|    HIGH|  SLICE|     1919|
  180|   402175|  DISPOS|    AUD|        2|
  181|   402181|    HIGH|  SLICE|     2090|
  182|   404275|  DISPOS|    AUD|        2|
  183|   404281|    HIGH|  SLICE|     2403|
  184|   406688|  DISPOS|    AUD|        2|
  185|   406694|    HIGH|  SLICE|     2943|
  186|   409641|  DISPOS|    AUD|        2|
  187|   409647|    HIGH|  SLICE|     3639|
  188|   413290|  DISPOS|    AUD|        2|
  189|   413296|    HIGH|  SLICE|     3186|
  190|   416486|  DISPOS|    AUD|        2|
  191|   416492|    HIGH|  SLICE|     3773|
  192|   420269|  DISPOS|    AUD|        2|
  193|   420275|    HIGH|  SLICE|     3683|
  194|   423962|  DISPOS|    AUD|        2|
  195|   423968|    HIGH|  SLICE|     4368|
  196|   428340|  DISPOS|    AUD|        2|
  197|   428346|    HIGH|  SLICE|     4224|
  198|   432574|  DISPOS|    AUD|        2|
  199|   432580|    HIGH|  SLICE|     5018|
  200|   437602|  DISPOS|    AUD|        2|
  201|   437608|    HIGH|  SLICE|     5486|
  202|   443098|  DISPOS|    AUD|        2|
  203|   443104|    HIGH|  SLICE|     5984|
  204|   449092|  DISPOS|    AUD|        2|
  205|   449098|    HIGH|  SLICE|     6272|
  206|   455374|  DISPOS|    AUD|        2|
  207|   455380|    HIGH|  SLICE|     7238|
  208|   462622|  DISPOS|    AUD|        2|
  209|   462628|    HIGH|  SLICE|     7224|
  210|   469856|  DISPOS|    AUD|        2|
  211|   469862|    HIGH|  SLICE|     7794|
  212|   477660|  DISPOS|    AUD|        2|
  213|   477666|    HIGH|  SLICE|     6691|
  214|   484361|  DISPOS|    AUD|        2|
  215|   484367|    HIGH|  SLICE|    10765|
  216|   495136|  DISPOS|    AUD|        2|
  217|   495142|    HIGH|  SLICE|     6963|
  218|   502109|  DISPOS|    AUD|        2|
  219|   502115|    HIGH|  SLICE|     7412|
  220|   509531|  DISPOS|    AUD|        2|
  221|   509537|    HIGH|  SLICE|     6728|
  222|   516269|  DISPOS|    AUD|        2|
  223|   516275|    HIGH|  SLICE|     7319|
  224|   523598|  DISPOS|    AUD|        2|
  225|   523604|    HIGH|  SLICE|     6778|
  226|   530386|  DISPOS|    AUD|        2|
  227|   530392|    HIGH|  SLICE|     7230|
  228|   537626|  DISPOS|    AUD|        2|
  229|   537632|    HIGH|  SLICE|     6682|
  230|   544318|  DISPOS|    AUD|        2|
  231|   544324|    HIGH|  SLICE|     6939|
  232|   551267|  DISPOS|    AUD|        2|
  233|   551273|    HIGH|  SLICE|     6465|
  234|   557742|  DISPOS|    AUD|        2|
  235|   557748|    HIGH|  SLICE|     6505|
  236|   564257|  DISPOS|    AUD|        2|
  237|   564263|    HIGH|  SLICE|     6175|
  238|   570442|  DISPOS|    AUD|        2|
  239|   570448|    HIGH|  SLICE|     6425|
  240|   576877|  DISPOS|    AUD|        2|
  241|   576883|    HIGH|  SLICE|     6314|
  242|   583201|  DISPOS|    AUD|        2|
  243|   583207|    HIGH|  SLICE|     6638|
  244|   589849|  DISPOS|    AUD|        2|
  245|   589855|    HIGH|  SLICE|     6364|
  246|   596223|  DISPOS|    AUD|        2|
  247|   596229|    HIGH|  SLICE|     6696|
  248|   602929|  DISPOS|    AUD|        2|
  249|   602935|    HIGH|  SLICE|     6610|
  250|   609549|  DISPOS|    AUD|        2|
  251|   609555|    HIGH|  SLICE|     6684|
  252|   616243|  DISPOS|    AUD|        2|
  253|   616249|    HIGH|  SLICE|     6612|
  254|   622865|  DISPOS|    AUD|        2|
  255|   622871|    HIGH|  SLICE|     7301|
  256|   630176|  DISPOS|    AUD|        2|
  257|   630182|    HIGH|  SLICE|     6682|
  258|   636868|  DISPOS|    AUD|        2|
  259|   636874|    HIGH|  SLICE|     6693|
  260|   643571|  DISPOS|    AUD|        2|
  261|   643577|    HIGH|  SLICE|     5975|
  262|   649556|  DISPOS|    AUD|        2|
  263|   649562|    HIGH|  SLICE|    10232|
  264|   659798|  DISPOS|    AUD|        2|
  265|   659804|    HIGH|  SLICE|     6548|
  266|   666356|  DISPOS|    AUD|        2|
  267|   666362|    HIGH|  SLICE|     6293|
  268|   672659|  DISPOS|    AUD|        2|
  269|   672665|    HIGH|  SLICE|     6021|
  270|   678690|  DISPOS|    AUD|        2|
  271|   678696|    HIGH|  SLICE|     6237|
  272|   684937|  DISPOS|    AUD|        2|
  273|   684943|    HIGH|  SLICE|     6216|
  274|   691163|  DISPOS|    AUD|        2|
  275|   691169|    HIGH|  SLICE|     6179|
  276|   697352|  DISPOS|    AUD|        2|
  277|   697358|    HIGH|  SLICE|     5839|
  278|   703201|  DISPOS|    AUD|        2|
  279|   703207|    HIGH|  SLICE|     5995|
  280|   709206|  DISPOS|    AUD|        2|
  281|   709212|    HIGH|  SLICE|     5844|
  282|   715060|  DISPOS|    AUD|        2|
  283|   715066|    HIGH|  SLICE|     6281|
  284|   721351|  DISPOS|    AUD|        2|
  285|   721357|    HIGH|  SLICE|     5941|
  286|   727302|  DISPOS|    AUD|        2|
  287|   727308|    HIGH|  SLICE|     6199|
  288|   733511|  DISPOS|    AUD|        2|
  289|   733517|    HIGH|  SLICE|     5814|
  290|   739335|  DISPOS|    AUD|        2|
  291|   739341|    HIGH|  SLICE|     6199|
  292|   745544|  DISPOS|    AUD|        2|
  293|   745550|    HIGH|  SLICE|     5892|
  294|   751446|  DISPOS|    AUD|        2|
  295|   751452|    HIGH|  SLICE|     6101|
  296|   757557|  DISPOS|    AUD|        2|
  297|   757563|    HIGH|  SLICE|     5630|
  298|   763197|  DISPOS|    AUD|        2|
  299|   763203|    HIGH|  SLICE|     6164|
  300|   769371|  DISPOS|    AUD|        2|
  301|   769377|    HIGH|  SLICE|     6061|
  302|   775442|  DISPOS|    AUD|        2|
  303|   775448|    HIGH|  SLICE|     6695|
  304|   782147|  DISPOS|    AUD|        2|
  305|   782153|    HIGH|  SLICE|     6165|
  306|   788322|  DISPOS|    AUD|        2|
  307|   788328|    HIGH|  SLICE|     6431|
  308|   794763|  DISPOS|    AUD|        2|
  309|   794769|    HIGH|  SLICE|     5633|
  310|   800406|  DISPOS|    AUD|        2|
  311|   800412|    HIGH|  SLICE|    10363|
  312|   810779|  DISPOS|    AUD|        2|
  313|   810785|    HIGH|  SLICE|     6274|
  314|   817063|  DISPOS|    AUD|        2|
  315|   817069|    HIGH|  SLICE|     6505|
  316|   823578|  DISPOS|    AUD|        2|
  317|   823584|    HIGH|  SLICE|     5830|
  318|   829418|  DISPOS|    AUD|        2|
  319|   829424|    HIGH|  SLICE|     5983|
  320|   835411|  DISPOS|    AUD|        2|
  321|   835417|    HIGH|  SLICE|     5701|
  322|   841122|  DISPOS|    AUD|        2|
  323|   841128|    HIGH|  SLICE|     6196|
  324|   847328|  DISPOS|    AUD|        2|
  325|   847334|    HIGH|  SLICE|     5342|
  326|   852680|  DISPOS|    AUD|        2|
  327|   852686|    HIGH|  SLICE|     5769|
  328|   858459|  DISPOS|    AUD|        2|
  329|   858465|    HIGH|  SLICE|     5577|
  330|   864046|  DISPOS|    AUD|        2|
  331|   864052|    HIGH|  SLICE|     6356|
  332|   870412|  DISPOS|    AUD|        2|
  333|   870418|    HIGH|  SLICE|     6157|
  334|   876579|  DISPOS|    AUD|        2|
  335|   876585|    HIGH|  SLICE|     5849|
  336|   882438|  DISPOS|    AUD|        2|
  337|   882444|    HIGH|  SLICE|     5554|
  338|   888002|  DISPOS|    AUD|        2|
  339|   888008|    HIGH|  SLICE|     6320|
  340|   894332|  DISPOS|    AUD|        2|
  341|   894338|    HIGH|  SLICE|     5909|
  342|   900251|  DISPOS|    AUD|        2|
  343|   900257|    HIGH|  SLICE|     6241|
  344|   906502|  DISPOS|    AUD|        2|
  345|   906508|    HIGH|  SLICE|     5789|
  346|   912301|  DISPOS|    AUD|        2|
  347|   912307|    HIGH|  SLICE|     5940|
  348|   918251|  DISPOS|    AUD|        2|
  349|   918257|    HIGH|  SLICE|     6128|
  350|   924389|  DISPOS|    AUD|        2|
  351|   924395|    HIGH|  SLICE|     6242|
  352|   930641|  DISPOS|    AUD|        2|
  353|   930647|    HIGH|  SLICE|     5837|
  354|   936488|  DISPOS|    AUD|        2|
  355|   936494|    HIGH|  SLICE|     5636|
  356|   942134|  DISPOS|    AUD|        2|
  357|   942140|    HIGH|  SLICE|     4959|
  358|   947103|  DISPOS|    AUD|        2|
  359|   947109|    HIGH|  SLICE|     9676|
  360|   956789|  DISPOS|    AUD|        2|
  361|   956795|    HIGH|  SLICE|     5710|
  362|   962509|  DISPOS|    AUD|        2|
  363|   962515|    HIGH|  SLICE|     5814|
  364|   968333|  DISPOS|    AUD|        2|
  365|   968339|    HIGH|  SLICE|     5433|
  366|   973776|  DISPOS|    AUD|        2|
  367|   973782|    HIGH|  SLICE|     5690|
  368|   979476|  DISPOS|    AUD|        2|
  369|   979482|    HIGH|  SLICE|     5572|
  370|   985058|  DISPOS|    AUD|        2|
  371|   985064|    HIGH|  SLICE|     5884|
  372|   990952|  DISPOS|    AUD|        2|
  373|   990958|    HIGH|  SLICE|     5665|
  374|   996627|  DISPOS|    AUD|        2|
  375|   996633|    HIGH|  SLICE|     5178|
  376|  1001815|  DISPOS|    AUD|        2|
  377|  1001821|    HIGH|  SLICE|     4993|
  378|  1006818|  DISPOS|    AUD|        2|
  379|  1006824|    HIGH|  SLICE|     5840|
  380|  1012668|  DISPOS|    AUD|        2|
  381|  1012674|    HIGH|  SLICE|     5631|
  382|  1018309|  DISPOS|    AUD|        2|
  383|  1018315|    HIGH|  SLICE|     6364|
  384|  1024683|  DISPOS|    AUD|        2|
  385|  1024689|    HIGH|  SLICE|     5565|
  386|  1030258|  DISPOS|    AUD|        2|
  387|  1030264|    HIGH|  SLICE|     5849|
  388|  1036117|  DISPOS|    AUD|        2|
  389|  1036123|    HIGH|  SLICE|     5573|
  390|  1041700|  DISPOS|    AUD|        2|
  391|  1041706|    HIGH|  SLICE|     5819|
  392|  1047529|  DISPOS|    AUD|        2|
  393|  1047535|    HIGH|  SLICE|     5218|
  394|  1052757|  DISPOS|    AUD|        2|
  395|  1052763|    HIGH|  SLICE|     5370|
  396|  1058137|  DISPOS|    AUD|        2|
  397|  1058143|    HIGH|  SLICE|     4999|
  398|  1063146|  DISPOS|    AUD|        2|
  399|  1063152|    HIGH|  SLICE|     4972|
  400|  1068128|  DISPOS|    AUD|        2|
  401|  1068134|    HIGH|  SLICE|     4366|
  402|  1072504|  DISPOS|    AUD|        2|
  403|  1072510|    HIGH|  SLICE|     5025|
  404|  1077539|  DISPOS|    AUD|        2|
  405|  1077545|    HIGH|  SLICE|     3914|
  406|  1081463|  DISPOS|    AUD|        2|
  407|  1081469|    HIGH|  SLICE|     9160|
  408|  1090633|  DISPOS|    AUD|        2|
  409|  1090639|    HIGH|  SLICE|     4335|
  410|  1094978|  DISPOS|    AUD|        2|
  411|  1094984|    HIGH|  SLICE|     5186|
  412|  1100174|  DISPOS|    AUD|        2|
  413|  1100180|    HIGH|  SLICE|     4441|
  414|  1104625|  DISPOS|    AUD|        2|
  415|  1104631|    HIGH|  SLICE|     5614|
  416|  1110249|  DISPOS|    AUD|        2|
  417|  1110255|    HIGH|  SLICE|     5398|
  418|  1115657|  DISPOS|    AUD|        2|
  419|  1115663|    HIGH|  SLICE|     5835|
  420|  1121502|  DISPOS|    AUD|        2|
  421|  1121508|    HIGH|  SLICE|     5103|
  422|  1126615|  DISPOS|    AUD|        2|
  423|  1126621|    HIGH|  SLICE|     5523|
  424|  1132148|  DISPOS|    AUD|        2|
  425|  1132154|    HIGH|  SLICE|     5143|
  426|  1137301|  DISPOS|    AUD|        2|
  427|  1137307|    HIGH|  SLICE|     6576|
  428|  1143887|  DISPOS|    AUD|        2|
  429|  1143893|    HIGH|  SLICE|     6578|
  430|  1150475|  DISPOS|    AUD|        2|
  431|  1150481|    HIGH|  SLICE|     8496|
  432|  1158981|  DISPOS|    AUD|        2|
  433|  1158987|    HIGH|  SLICE|     6422|
  434|  1165413|  DISPOS|    AUD|        2|
  435|  1165419|    HIGH|  SLICE|     9294|
  436|  1174717|  DISPOS|    AUD|        2|
  437|  1174723|    HIGH|  SLICE|     7515|
  438|  1182242|  DISPOS|    AUD|        2|
  439|  1182248|    HIGH|  SLICE|     8993|
  440|  1191245|  DISPOS|    AUD|        2|
  441|  1191251|    HIGH|  SLICE|     6624|
  442|  1197879|  DISPOS|    AUD|        2|
  443|  1197885|    HIGH|  SLICE|     4047|
  444|  1201936|  DISPOS|    AUD|        2|
  445|  1201942|    HIGH|  SLICE|     2044|
  446|  1203990|  DISPOS|    AUD|        2|
  447|  1203996|    HIGH|  SLICE|     1487|
  448|  1205487|  DISPOS|    AUD|        2|
  449|  1205493|    HIGH|  SLICE|     1401|
  450|  1206898|  DISPOS|    AUD|        2|
  451|  1206904|    HIGH|  SLICE|     1082|
  452|  1207990|  DISPOS|    AUD|        2|
  453|  1207996|    HIGH|  SLICE|      876|
  454|  1208876|  DISPOS|    AUD|        2|
  455|  1208882|    HIGH|  SLICE|     7227|
  456|  1216113|  DISPOS|    AUD|        2|
  457|  1216119|    HIGH|  SLICE|     2648|
  458|  1218771|  DISPOS|    AUD|        2|
  459|  1218777|    HIGH|  SLICE|     1600|
  460|  1220381|  DISPOS|    AUD|        2|
  461|  1220387|    HIGH|  SLICE|     1434|
  462|  1221825|  DISPOS|    AUD|        2|
  463|  1221831|    HIGH|  SLICE|     1294|
  464|  1223129|  DISPOS|    AUD|        2|
  465|  1223135|    HIGH|  SLICE|     1402|
  466|  1224541|  DISPOS|    AUD|        2|
  467|  1224547|    HIGH|  SLICE|     1251|
  468|  1225802|  DISPOS|    AUD|        2|
  469|  1225808|    HIGH|  SLICE|     1142|
  470|  1226954|  DISPOS|    AUD|        2|
  471|  1226960|    HIGH|  SLICE|     1360|
  472|  1228324|  DISPOS|    AUD|        2|
  473|  1228330|    HIGH|  SLICE|     1143|
  474|  1229477|  DISPOS|    AUD|        2|
  475|  1229483|    HIGH|  SLICE|     1023|
  476|  1230510|  DISPOS|    AUD|        2|
  477|  1230516|    HIGH|  SLICE|     1282|
  478|  1231802|  DISPOS|    AUD|        2|
  479|  1231808|    HIGH|  SLICE|      934|
  480|  1232746|  DISPOS|    AUD|        2|
  481|  1232752|    HIGH|  SLICE|      853|
  482|  1233609|  DISPOS|    AUD|        2|
  483|  1233615|    HIGH|  SLICE|      751|
  484|  1234370|  DISPOS|    AUD|        2|
  485|  1234376|    HIGH|  SLICE|      714|
  486|  1235094|  DISPOS|    AUD|        2|
  487|  1235100|    HIGH|  SLICE|      626|
  488|  1235730|  DISPOS|    AUD|        2|
  489|  1235736|    HIGH|  SLICE|      536|
  490|  1236276|  DISPOS|    AUD|        2|
  491|  1236282|    HIGH|  SLICE|      419|
  492|  1236705|  DISPOS|    AUD|        2|
  493|  1236711|    HIGH|  SLICE|      343|
  494|  1237058|  DISPOS|    AUD|        2|
  495|  1237064|    HIGH|  SLICE|      302|
  496|  1237370|  DISPOS|    AUD|        2|
  497|  1237376|    HIGH|  SLICE|      269|
  498|  1237649|  DISPOS|    AUD|        2|
  499|  1237655|    HIGH|  SLICE|      220|
  500|  1237879|  DISPOS|    AUD|        2|
  501|  1237885|    HIGH|  SLICE|       30|
  502|  1237919|  DISPOS|    AUD|        2|
  503|  1237925| HIGHTEST|    SPS|       24|
  504|  1237953| HIGHTEST|    PPS|        4|
  505|  1237961| HIGHTEST|    IDR|    68629|
  506|  1306594|  DISPOS|    AUD|        2|
  507|  1306600|    HIGH|  SLICE|      143|
  508|  1306747|  DISPOS|    AUD|        2|
  509|  1306753|    HIGH|  SLICE|     4450|
  510|  1311207|  DISPOS|    AUD|        2|
  511|  1311213|    HIGH|  SLICE|    15580|
  512|  1326797|  DISPOS|    AUD|        2|
  513|  1326803|    HIGH|  SLICE|    13038|
  514|  1339845|  DISPOS|    AUD|        2|
  515|  1339851|    HIGH|  SLICE|    12685|
  516|  1352540|  DISPOS|    AUD|        2|
  517|  1352546|    HIGH|  SLICE|    22306|
  518|  1374856|  DISPOS|    AUD|        2|
  519|  1374862|    HIGH|  SLICE|    53374|
  520|  1428240|  DISPOS|    AUD|        2|
  521|  1428246|    HIGH|  SLICE|    47240|
  522|  1475490|  DISPOS|    AUD|        2|
  523|  1475496|    HIGH|  SLICE|     2462|
  524|  1477962|  DISPOS|    AUD|        2|
  525|  1477968|    HIGH|  SLICE|     1112|
  526|  1479084|  DISPOS|    AUD|        2|
  527|  1479090|    HIGH|  SLICE|      998|
  528|  1480092|  DISPOS|    AUD|        2|
  529|  1480098|    HIGH|  SLICE|      643|
  530|  1480745|  DISPOS|    AUD|        2|
  531|  1480751|    HIGH|  SLICE|      620|
  532|  1481375|  DISPOS|    AUD|        2|
  533|  1481381|    HIGH|  SLICE|      612|
  534|  1481997|  DISPOS|    AUD|        2|
  535|  1482003|    HIGH|  SLICE|      584|
  536|  1482591|  DISPOS|    AUD|        2|
  537|  1482597|    HIGH|  SLICE|      734|
  538|  1483335|  DISPOS|    AUD|        2|
  539|  1483341|    HIGH|  SLICE|      678|
  540|  1484023|  DISPOS|    AUD|        2|
  541|  1484029|    HIGH|  SLICE|      600|
  542|  1484633|  DISPOS|    AUD|        2|
  543|  1484639|    HIGH|  SLICE|      602|
  544|  1485245|  DISPOS|    AUD|        2|
  545|  1485251|    HIGH|  SLICE|      571|
  546|  1485826|  DISPOS|    AUD|        2|
  547|  1485832|    HIGH|  SLICE|      629|
  548|  1486465|  DISPOS|    AUD|        2|
  549|  1486471|    HIGH|  SLICE|      493|
  550|  1486968|  DISPOS|    AUD|        2|
  551|  1486974|    HIGH|  SLICE|      233|
  552|  1487211|  DISPOS|    AUD|        2|
  553|  1487217|    HIGH|  SLICE|     2228|
  554|  1489449|  DISPOS|    AUD|        2|
  555|  1489455|    HIGH|  SLICE|     1860|
  556|  1491319|  DISPOS|    AUD|        2|
  557|  1491325|    HIGH|  SLICE|     8366|
  558|  1499695|  DISPOS|    AUD|        2|
  559|  1499701|    HIGH|  SLICE|     9175|
  560|  1508880|  DISPOS|    AUD|        2|
  561|  1508886|    HIGH|  SLICE|     4459|
  562|  1513349|  DISPOS|    AUD|        2|
  563|  1513355|    HIGH|  SLICE|     3717|
  564|  1517076|  DISPOS|    AUD|        2|
  565|  1517082|    HIGH|  SLICE|     4254|
  566|  1521340|  DISPOS|    AUD|        2|
  567|  1521346|    HIGH|  SLICE|     3143|
  568|  1524493|  DISPOS|    AUD|        2|
  569|  1524499|    HIGH|  SLICE|     2833|
  570|  1527336|  DISPOS|    AUD|        2|
  571|  1527342|    HIGH|  SLICE|     2459|
  572|  1529805|  DISPOS|    AUD|        2|
  573|  1529811|    HIGH|  SLICE|     2400|
  574|  1532215|  DISPOS|    AUD|        2|
  575|  1532221|    HIGH|  SLICE|     1413|
  576|  1533638|  DISPOS|    AUD|        2|
  577|  1533644|    HIGH|  SLICE|     1463|
  578|  1535111|  DISPOS|    AUD|        2|
  579|  1535117|    HIGH|  SLICE|     1017|
  580|  1536138|  DISPOS|    AUD|        2|
  581|  1536144|    HIGH|  SLICE|      819|
  582|  1536967|  DISPOS|    AUD|        2|
  583|  1536973|    HIGH|  SLICE|      493|
  584|  1537470|  DISPOS|    AUD|        2|
  585|  1537476|    HIGH|  SLICE|      464|
  586|  1537944|  DISPOS|    AUD|        2|
  587|  1537950| HIGHTEST|    SPS|       24|
  588|  1537978| HIGHTEST|    PPS|        4|
  589|  1537986| HIGHTEST|    IDR|    85448|
  590|  1623438|  DISPOS|    AUD|        2|
  591|  1623444|    HIGH|  SLICE|      281|
  592|  1623729|  DISPOS|    AUD|        2|
  593|  1623735|    HIGH|  SLICE|      152|
  594|  1623891|  DISPOS|    AUD|        2|
  595|  1623897|    HIGH|  SLICE|      255|
  596|  1624156|  DISPOS|    AUD|        2|
  597|  1624162|    HIGH|  SLICE|      277|
  598|  1624443|  DISPOS|    AUD|        2|
  599|  1624449|    HIGH|  SLICE|      454|
  600|  1624907|  DISPOS|    AUD|        2|
  601|  1624913|    HIGH|  SLICE|      810|
  602|  1625727|  DISPOS|    AUD|        2|
  603|  1625733|    HIGH|  SLICE|     1423|
  604|  1627160|  DISPOS|    AUD|        2|
  605|  1627166|    HIGH|  SLICE|      540|
  606|  1627710|  DISPOS|    AUD|        2|
  607|  1627716|    HIGH|  SLICE|      570|
  608|  1628290|  DISPOS|    AUD|        2|
  609|  1628296|    HIGH|  SLICE|      444|
  610|  1628744|  DISPOS|    AUD|        2|
  611|  1628750|    HIGH|  SLICE|      570|
  612|  1629324|  DISPOS|    AUD|        2|
  613|  1629330|    HIGH|  SLICE|      594|
  614|  1629928|  DISPOS|    AUD|        2|
  615|  1629934|    HIGH|  SLICE|      589|
  616|  1630527|  DISPOS|    AUD|        2|
  617|  1630533|    HIGH|  SLICE|      628|
  618|  1631165|  DISPOS|    AUD|        2|
  619|  1631171|    HIGH|  SLICE|      612|
  620|  1631787|  DISPOS|    AUD|        2|
  621|  1631793|    HIGH|  SLICE|      788|
  622|  1632585|  DISPOS|    AUD|        2|
  623|  1632591|    HIGH|  SLICE|      790|
  624|  1633385|  DISPOS|    AUD|        2|
  625|  1633391|    HIGH|  SLICE|      760|
  626|  1634155|  DISPOS|    AUD|        2|
  627|  1634161|    HIGH|  SLICE|      940|
  628|  1635105|  DISPOS|    AUD|        2|
  629|  1635111|    HIGH|  SLICE|      782|
  630|  1635897|  DISPOS|    AUD|        2|
  631|  1635903|    HIGH|  SLICE|      768|
  632|  1636675|  DISPOS|    AUD|        2|
  633|  1636681|    HIGH|  SLICE|      785|
  634|  1637470|  DISPOS|    AUD|        2|
  635|  1637476|    HIGH|  SLICE|      702|
  636|  1638182|  DISPOS|    AUD|        2|
  637|  1638188|    HIGH|  SLICE|      768|
  638|  1638960|  DISPOS|    AUD|        2|
  639|  1638966|    HIGH|  SLICE|      631|
  640|  1639601|  DISPOS|    AUD|        2|
  641|  1639607|    HIGH|  SLICE|      631|
  642|  1640242|  DISPOS|    AUD|        2|
  643|  1640248|    HIGH|  SLICE|      668|
  644|  1640920|  DISPOS|    AUD|        2|
  645|  1640926|    HIGH|  SLICE|      917|
  646|  1641847|  DISPOS|    AUD|        2|
  647|  1641853|    HIGH|  SLICE|      719|
  648|  1642576|  DISPOS|    AUD|        2|
  649|  1642582|    HIGH|  SLICE|      600|
  650|  1643186|  DISPOS|    AUD|        2|
  651|  1643192|    HIGH|  SLICE|     2248|
  652|  1645444|  DISPOS|    AUD|        2|
  653|  1645450|    HIGH|  SLICE|      631|
  654|  1646085|  DISPOS|    AUD|        2|
  655|  1646091|    HIGH|  SLICE|      764|
  656|  1646859|  DISPOS|    AUD|        2|
  657|  1646865|    HIGH|  SLICE|      561|
  658|  1647430|  DISPOS|    AUD|        2|
  659|  1647436|    HIGH|  SLICE|      609|
  660|  1648049|  DISPOS|    AUD|        2|
  661|  1648055|    HIGH|  SLICE|      624|
  662|  1648683|  DISPOS|    AUD|        2|
  663|  1648689|    HIGH|  SLICE|      647|
  664|  1649340|  DISPOS|    AUD|        2|
  665|  1649346|    HIGH|  SLICE|      575|
  666|  1649925|  DISPOS|    AUD|        2|
  667|  1649931|    HIGH|  SLICE|      616|
  668|  1650551|  DISPOS|    AUD|        2|
  669|  1650557|    HIGH|  SLICE|      627|
  670|  1651188|  DISPOS|    AUD|        2|
  671|  1651194|    HIGH|  SLICE|      525|
  672|  1651723|  DISPOS|    AUD|        2|
  673|  1651729|    HIGH|  SLICE|      699|
  674|  1652432|  DISPOS|    AUD|        2|
  675|  1652438|    HIGH|  SLICE|      660|
  676|  1653102|  DISPOS|    AUD|        2|
  677|  1653108|    HIGH|  SLICE|      552|
  678|  1653664|  DISPOS|    AUD|        2|
  679|  1653670|    HIGH|  SLICE|      539|
  680|  1654213|  DISPOS|    AUD|        2|
  681|  1654219|    HIGH|  SLICE|      654|
  682|  1654877|  DISPOS|    AUD|        2|
  683|  1654883|    HIGH|  SLICE|      525|
  684|  1655412|  DISPOS|    AUD|        2|
  685|  1655418|    HIGH|  SLICE|      500|
  686|  1655922|  DISPOS|    AUD|        2|
  687|  1655928|    HIGH|  SLICE|      520|
  688|  1656452|  DISPOS|    AUD|        2|
  689|  1656458|    HIGH|  SLICE|      485|
  690|  1656947|  DISPOS|    AUD|        2|
  691|  1656953|    HIGH|  SLICE|      479|
  692|  1657436|  DISPOS|    AUD|        2|
  693|  1657442|    HIGH|  SLICE|      487|
  694|  1657933|  DISPOS|    AUD|        2|
  695|  1657939|    HIGH|  SLICE|      413|
  696|  1658356|  DISPOS|    AUD|        2|
  697|  1658362|    HIGH|  SLICE|      409|
  698|  1658775|  DISPOS|    AUD|        2|
  699|  1658781|    HIGH|  SLICE|     1129|
  700|  1659914|  DISPOS|    AUD|        2|
  701|  1659920|    HIGH|  SLICE|      324|
  702|  1660248|  DISPOS|    AUD|        2|
  703|  1660254|    HIGH|  SLICE|      344|
  704|  1660602|  DISPOS|    AUD|        2|
  705|  1660608|    HIGH|  SLICE|      277|
  706|  1660889|  DISPOS|    AUD|        2|
  707|  1660895|    HIGH|  SLICE|      264|
  708|  1661163|  DISPOS|    AUD|        2|
  709|  1661169|    HIGH|  SLICE|      197|
  710|  1661370|  DISPOS|    AUD|        2|
  711|  1661376|    HIGH|  SLICE|      190|
  712|  1661570|  DISPOS|    AUD|        2|
  713|  1661576|    HIGH|  SLICE|      122|
  714|  1661702|  DISPOS|    AUD|        2|
  715|  1661708|    HIGH|  SLICE|      131|
  716|  1661843|  DISPOS|    AUD|        2|
  717|  1661849| HIGHTEST|    SPS|       24|
  718|  1661877| HIGHTEST|    PPS|        4|
  719|  1661885| HIGHTEST|    IDR|   127600|
  720|  1789489|  DISPOS|    AUD|        2|
  721|  1789495|    HIGH|  SLICE|      204|
  722|  1789703|  DISPOS|    AUD|        2|
  723|  1789709|    HIGH|  SLICE|       98|
  724|  1789811|  DISPOS|    AUD|        2|
  725|  1789817|    HIGH|  SLICE|      160|
  726|  1789981|  DISPOS|    AUD|        2|
  727|  1789987|    HIGH|  SLICE|      176|
  728|  1790167|  DISPOS|    AUD|        2|
  729|  1790173|    HIGH|  SLICE|      219|
  730|  1790396|  DISPOS|    AUD|        2|
  731|  1790402|    HIGH|  SLICE|      276|
  732|  1790682|  DISPOS|    AUD|        2|
  733|  1790688|    HIGH|  SLICE|      325|
  734|  1791017|  DISPOS|    AUD|        2|
  735|  1791023|    HIGH|  SLICE|      484|
  736|  1791511|  DISPOS|    AUD|        2|
  737|  1791517|    HIGH|  SLICE|      697|
  738|  1792218|  DISPOS|    AUD|        2|
  739|  1792224|    HIGH|  SLICE|      711|
  740|  1792939|  DISPOS|    AUD|        2|
  741|  1792945|    HIGH|  SLICE|      788|
  742|  1793737|  DISPOS|    AUD|        2|
  743|  1793743|    HIGH|  SLICE|      729|
  744|  1794476|  DISPOS|    AUD|        2|
  745|  1794482|    HIGH|  SLICE|      822|
  746|  1795308|  DISPOS|    AUD|        2|
  747|  1795314|    HIGH|  SLICE|      457|
  748|  1795775|  DISPOS|    AUD|        2|
  749|  1795781|    HIGH|  SLICE|     3857|
  750|  1799642|  DISPOS|    AUD|        2|
  751|  1799648|    HIGH|  SLICE|     1021|
  752|  1800673|  DISPOS|    AUD|        2|
  753|  1800679|    HIGH|  SLICE|      765|
  754|  1801448|  DISPOS|    AUD|        2|
  755|  1801454|    HIGH|  SLICE|     1028|
  756|  1802486|  DISPOS|    AUD|        2|
  757|  1802492|    HIGH|  SLICE|     1047|
  758|  1803543|  DISPOS|    AUD|        2|
  759|  1803549|    HIGH|  SLICE|     1028|
  760|  1804581|  DISPOS|    AUD|        2|
  761|  1804587|    HIGH|  SLICE|      973|
  762|  1805564|  DISPOS|    AUD|        2|
  763|  1805570|    HIGH|  SLICE|     1280|
  764|  1806854|  DISPOS|    AUD|        2|
  765|  1806860|    HIGH|  SLICE|      993|
  766|  1807857|  DISPOS|    AUD|        2|
  767|  1807863|    HIGH|  SLICE|     1264|
  768|  1809131|  DISPOS|    AUD|        2|
  769|  1809137|    HIGH|  SLICE|     1119|
  770|  1810260|  DISPOS|    AUD|        2|
  771|  1810266|    HIGH|  SLICE|     1270|
  772|  1811540|  DISPOS|    AUD|        2|
  773|  1811546|    HIGH|  SLICE|     1195|
  774|  1812745|  DISPOS|    AUD|        2|
  775|  1812751|    HIGH|  SLICE|     1083|
  776|  1813838|  DISPOS|    AUD|        2|
  777|  1813844|    HIGH|  SLICE|     1238|
  778|  1815086|  DISPOS|    AUD|        2|
  779|  1815092|    HIGH|  SLICE|     1265|
  780|  1816361|  DISPOS|    AUD|        2|
  781|  1816367|    HIGH|  SLICE|     1389|
  782|  1817760|  DISPOS|    AUD|        2|
  783|  1817766|    HIGH|  SLICE|     1296|
  784|  1819066|  DISPOS|    AUD|        2|
  785|  1819072|    HIGH|  SLICE|     1320|
  786|  1820396|  DISPOS|    AUD|        2|
  787|  1820402|    HIGH|  SLICE|     1444|
  788|  1821850|  DISPOS|    AUD|        2|
  789|  1821856|    HIGH|  SLICE|     1543|
  790|  1823403|  DISPOS|    AUD|        2|
  791|  1823409|    HIGH|  SLICE|     1512|
  792|  1824925|  DISPOS|    AUD|        2|
  793|  1824931|    HIGH|  SLICE|     1425|
  794|  1826360|  DISPOS|    AUD|        2|
  795|  1826366|    HIGH|  SLICE|      765|
  796|  1827135|  DISPOS|    AUD|        2|
  797|  1827141|    HIGH|  SLICE|     4523|
  798|  1831668|  DISPOS|    AUD|        2|
  799|  1831674|    HIGH|  SLICE|     1189|
  800|  1832867|  DISPOS|    AUD|        2|
  801|  1832873|    HIGH|  SLICE|      885|
  802|  1833762|  DISPOS|    AUD|        2|
  803|  1833768|    HIGH|  SLICE|      931|
  804|  1834703|  DISPOS|    AUD|        2|
  805|  1834709|    HIGH|  SLICE|     1058|
  806|  1835771|  DISPOS|    AUD|        2|
  807|  1835777|    HIGH|  SLICE|     1242|
  808|  1837023|  DISPOS|    AUD|        2|
  809|  1837029|    HIGH|  SLICE|     1167|
  810|  1838200|  DISPOS|    AUD|        2|
  811|  1838206|    HIGH|  SLICE|      838|
  812|  1839048|  DISPOS|    AUD|        2|
  813|  1839054|    HIGH|  SLICE|     1000|
  814|  1840058|  DISPOS|    AUD|        2|
  815|  1840064|    HIGH|  SLICE|     1725|
  816|  1841793|  DISPOS|    AUD|        2|
  817|  1841799|    HIGH|  SLICE|     3182|
  818|  1844985|  DISPOS|    AUD|        2|
  819|  1844991|    HIGH|  SLICE|     3718|
  820|  1848713|  DISPOS|    AUD|        2|
  821|  1848719|    HIGH|  SLICE|     4075|
  822|  1852798|  DISPOS|    AUD|        2|
  823|  1852804|    HIGH|  SLICE|     4204|
  824|  1857012|  DISPOS|    AUD|        2|
  825|  1857018|    HIGH|  SLICE|     4608|
  826|  1861630|  DISPOS|    AUD|        2|
  827|  1861636|    HIGH|  SLICE|     4735|
  828|  1866375|  DISPOS|    AUD|        2|
  829|  1866381|    HIGH|  SLICE|     5687|
  830|  1872072|  DISPOS|    AUD|        2|
  831|  1872078|    HIGH|  SLICE|     2548|
  832|  1874630|  DISPOS|    AUD|        2|
  833|  1874636|    HIGH|  SLICE|     2599|
  834|  1877239|  DISPOS|    AUD|        2|
  835|  1877245|    HIGH|  SLICE|     2642|
  836|  1879891|  DISPOS|    AUD|        2|
  837|  1879897|    HIGH|  SLICE|     2534|
  838|  1882435|  DISPOS|    AUD|        2|
  839|  1882441|    HIGH|  SLICE|     1957|
  840|  1884402|  DISPOS|    AUD|        2|
  841|  1884408|    HIGH|  SLICE|     1293|
  842|  1885705|  DISPOS|    AUD|        2|
  843|  1885711|    HIGH|  SLICE|      797|
  844|  1886512|  DISPOS|    AUD|        2|
  845|  1886518|    HIGH|  SLICE|     3078|
  846|  1889600|  DISPOS|    AUD|        2|
  847|  1889606|    HIGH|  SLICE|      850|
  848|  1890460|  DISPOS|    AUD|        2|
  849|  1890466|    HIGH|  SLICE|      551|
  850|  1891021|  DISPOS|    AUD|        2|
  851|  1891027|    HIGH|  SLICE|      482|
  852|  1891513|  DISPOS|    AUD|        2|
  853|  1891519|    HIGH|  SLICE|      400|
  854|  1891923|  DISPOS|    AUD|        2|
  855|  1891929|    HIGH|  SLICE|      243|
  856|  1892176|  DISPOS|    AUD|        2|
  857|  1892182|    HIGH|  SLICE|      183|
  858|  1892369|  DISPOS|    AUD|        2|
  859|  1892375|    HIGH|  SLICE|       60|
  860|  1892439|  DISPOS|    AUD|        2|
  861|  1892445| HIGHTEST|    SPS|       24|
  862|  1892473| HIGHTEST|    PPS|        4|
  863|  1892481| HIGHTEST|    IDR|    88773|
  864|  1981258|  DISPOS|    AUD|        2|
  865|  1981264|    HIGH|  SLICE|      423|
  866|  1981691|  DISPOS|    AUD|        2|
  867|  1981697|    HIGH|  SLICE|      366|
  868|  1982067|  DISPOS|    AUD|        2|
  869|  1982073|    HIGH|  SLICE|     2237|
  870|  1984314|  DISPOS|    AUD|        2|
  871|  1984320|    HIGH|  SLICE|     3948|
  872|  1988272|  DISPOS|    AUD|        2|
  873|  1988278|    HIGH|  SLICE|     4031|
  874|  1992313|  DISPOS|    AUD|        2|
  875|  1992319|    HIGH|  SLICE|     1664|
  876|  1993987|  DISPOS|    AUD|        2|
  877|  1993993|    HIGH|  SLICE|     1338|
  878|  1995335|  DISPOS|    AUD|        2|
  879|  1995341|    HIGH|  SLICE|      939|
  880|  1996284|  DISPOS|    AUD|        2|
  881|  1996290|    HIGH|  SLICE|      892|
  882|  1997186|  DISPOS|    AUD|        2|
  883|  1997192|    HIGH|  SLICE|      559|
  884|  1997755|  DISPOS|    AUD|        2|
  885|  1997761|    HIGH|  SLICE|      786|
  886|  1998551|  DISPOS|    AUD|        2|
  887|  1998557|    HIGH|  SLICE|      476|
  888|  1999037|  DISPOS|    AUD|        2|
  889|  1999043|    HIGH|  SLICE|     1482|
  890|  2000529|  DISPOS|    AUD|        2|
  891|  2000535|    HIGH|  SLICE|     2540|
  892|  2003079|  DISPOS|    AUD|        2|
  893|  2003085|    HIGH|  SLICE|     3663|
  894|  2006752|  DISPOS|    AUD|        2|
  895|  2006758|    HIGH|  SLICE|     7420|
  896|  2014182|  DISPOS|    AUD|        2|
  897|  2014188|    HIGH|  SLICE|     5894|
  898|  2020086|  DISPOS|    AUD|        2|
  899|  2020092|    HIGH|  SLICE|     4853|
  900|  2024949|  DISPOS|    AUD|        2|
  901|  2024955|    HIGH|  SLICE|     3838|
  902|  2028797|  DISPOS|    AUD|        2|
  903|  2028803|    HIGH|  SLICE|     2332|
  904|  2031139|  DISPOS|    AUD|        2|
  905|  2031145|    HIGH|  SLICE|     2082|
  906|  2033231|  DISPOS|    AUD|        2|
  907|  2033237|    HIGH|  SLICE|     1748|
  908|  2034989|  DISPOS|    AUD|        2|
  909|  2034995|    HIGH|  SLICE|     1606|
  910|  2036605|  DISPOS|    AUD|        2|
  911|  2036611|    HIGH|  SLICE|     1191|
  912|  2037806|  DISPOS|    AUD|        2|
  913|  2037812|    HIGH|  SLICE|     1571|
  914|  2039387|  DISPOS|    AUD|        2|
  915|  2039393|    HIGH|  SLICE|      967|
  916|  2040364|  DISPOS|    AUD|        2|
  917|  2040370|    HIGH|  SLICE|      763|
  918|  2041137|  DISPOS|    AUD|        2|
  919|  2041143|    HIGH|  SLICE|      467|
  920|  2041614|  DISPOS|    AUD|        2|
  921|  2041620|    HIGH|  SLICE|      678|
  922|  2042302|  DISPOS|    AUD|        2|
  923|  2042308|    HIGH|  SLICE|      387|
  924|  2042699|  DISPOS|    AUD|        2|
  925|  2042705|    HIGH|  SLICE|      576|
  926|  2043285|  DISPOS|    AUD|        2|
  927|  2043291|    HIGH|  SLICE|      476|
  928|  2043771|  DISPOS|    AUD|        2|
  929|  2043777|    HIGH|  SLICE|      836|
  930|  2044617|  DISPOS|    AUD|        2|
  931|  2044623|    HIGH|  SLICE|      813|
  932|  2045440|  DISPOS|    AUD|        2|
  933|  2045446|    HIGH|  SLICE|     1507|
  934|  2046957|  DISPOS|    AUD|        2|
  935|  2046963|    HIGH|  SLICE|     1370|
  936|  2048337|  DISPOS|    AUD|        2|
  937|  2048343|    HIGH|  SLICE|     1749|
  938|  2050096|  DISPOS|    AUD|        2|
  939|  2050102|    HIGH|  SLICE|     1549|
  940|  2051655|  DISPOS|    AUD|        2|
  941|  2051661|    HIGH|  SLICE|     1295|
  942|  2052960|  DISPOS|    AUD|        2|
  943|  2052966|    HIGH|  SLICE|     3402|
  944|  2056372|  DISPOS|    AUD|        2|
  945|  2056378|    HIGH|  SLICE|     1198|
  946|  2057580|  DISPOS|    AUD|        2|
  947|  2057586|    HIGH|  SLICE|      804|
  948|  2058394|  DISPOS|    AUD|        2|
  949|  2058400|    HIGH|  SLICE|     1001|
  950|  2059405|  DISPOS|    AUD|        2|
  951|  2059411|    HIGH|  SLICE|      776|
  952|  2060191|  DISPOS|    AUD|        2|
  953|  2060197|    HIGH|  SLICE|      561|
  954|  2060762|  DISPOS|    AUD|        2|
  955|  2060768|    HIGH|  SLICE|      583|
  956|  2061355|  DISPOS|    AUD|        2|
  957|  2061361|    HIGH|  SLICE|      438|
  958|  2061803|  DISPOS|    AUD|        2|
  959|  2061809|    HIGH|  SLICE|      495|
  960|  2062308|  DISPOS|    AUD|        2|
  961|  2062314|    HIGH|  SLICE|      542|
  962|  2062860|  DISPOS|    AUD|        2|
  963|  2062866|    HIGH|  SLICE|      554|
  964|  2063424|  DISPOS|    AUD|        2|
  965|  2063430|    HIGH|  SLICE|     1273|
  966|  2064707|  DISPOS|    AUD|        2|
  967|  2064713|    HIGH|  SLICE|     2334|
  968|  2067051|  DISPOS|    AUD|        2|
  969|  2067057|    HIGH|  SLICE|     3023|
  970|  2070084|  DISPOS|    AUD|        2|
  971|  2070090|    HIGH|  SLICE|     3383|
  972|  2073477|  DISPOS|    AUD|        2|
  973|  2073483|    HIGH|  SLICE|     4480|
  974|  2077967|  DISPOS|    AUD|        2|
  975|  2077973|    HIGH|  SLICE|     4884|
  976|  2082861|  DISPOS|    AUD|        2|
  977|  2082867|    HIGH|  SLICE|     5010|
  978|  2087881|  DISPOS|    AUD|        2|
  979|  2087887|    HIGH|  SLICE|     5395|
  980|  2093286|  DISPOS|    AUD|        2|
  981|  2093292|    HIGH|  SLICE|     5816|
  982|  2099112|  DISPOS|    AUD|        2|
  983|  2099118|    HIGH|  SLICE|     4292|
  984|  2103414|  DISPOS|    AUD|        2|
  985|  2103420|    HIGH|  SLICE|     3406|
  986|  2106830|  DISPOS|    AUD|        2|
  987|  2106836|    HIGH|  SLICE|     3865|
  988|  2110705|  DISPOS|    AUD|        2|
  989|  2110711|    HIGH|  SLICE|     4354|
  990|  2115069|  DISPOS|    AUD|        2|
  991|  2115075|    HIGH|  SLICE|     6145|
  992|  2121224|  DISPOS|    AUD|        2|
  993|  2121230|    HIGH|  SLICE|     3908|
  994|  2125142|  DISPOS|    AUD|        2|
  995|  2125148|    HIGH|  SLICE|     2236|
  996|  2127388|  DISPOS|    AUD|        2|
  997|  2127394|    HIGH|  SLICE|     1537|
  998|  2128935|  DISPOS|    AUD|        2|
  999|  2128941| HIGHTEST|    SPS|       24|
 1000|  2128969| HIGHTEST|    PPS|        4|
 1001|  2128977| HIGHTEST|    IDR|    59307|
 1002|  2188288|  DISPOS|    AUD|        2|
 1003|  2188294|    HIGH|  SLICE|      415|
 1004|  2188713|  DISPOS|    AUD|        2|
 1005|  2188719|    HIGH|  SLICE|      389|
 1006|  2189112|  DISPOS|    AUD|        2|
 1007|  2189118|    HIGH|  SLICE|      339|
 1008|  2189461|  DISPOS|    AUD|        2|
 1009|  2189467|    HIGH|  SLICE|      297|
 1010|  2189768|  DISPOS|    AUD|        2|
 1011|  2189774|    HIGH|  SLICE|      334|
 1012|  2190112|  DISPOS|    AUD|        2|
 1013|  2190118|    HIGH|  SLICE|      278|
 1014|  2190400|  DISPOS|    AUD|        2|
 1015|  2190406|    HIGH|  SLICE|      301|
 1016|  2190711|  DISPOS|    AUD|        2|
 1017|  2190717|    HIGH|  SLICE|      387|
 1018|  2191108|  DISPOS|    AUD|        2|
 1019|  2191114|    HIGH|  SLICE|      597|
 1020|  2191715|  DISPOS|    AUD|        2|
 1021|  2191721|    HIGH|  SLICE|      646|
 1022|  2192371|  DISPOS|    AUD|        2|
 1023|  2192377|    HIGH|  SLICE|     1357|
 1024|  2193738|  DISPOS|    AUD|        2|
 1025|  2193744|    HIGH|  SLICE|     2150|
 1026|  2195898|  DISPOS|    AUD|        2|
 1027|  2195904|    HIGH|  SLICE|     3119|
 1028|  2199027|  DISPOS|    AUD|        2|
 1029|  2199033|    HIGH|  SLICE|     3884|
 1030|  2202921|  DISPOS|    AUD|        2|
 1031|  2202927|    HIGH|  SLICE|     4727|
 1032|  2207658|  DISPOS|    AUD|        2|
 1033|  2207664|    HIGH|  SLICE|     5554|
 1034|  2213222|  DISPOS|    AUD|        2|
 1035|  2213228|    HIGH|  SLICE|     5069|
 1036|  2218301|  DISPOS|    AUD|        2|
 1037|  2218307|    HIGH|  SLICE|     5613|
 1038|  2223924|  DISPOS|    AUD|        2|
 1039|  2223930|    HIGH|  SLICE|     3398|
 1040|  2227332|  DISPOS|    AUD|        2|
 1041|  2227338|    HIGH|  SLICE|     7424|
 1042|  2234766|  DISPOS|    AUD|        2|
 1043|  2234772|    HIGH|  SLICE|     3407|
 1044|  2238183|  DISPOS|    AUD|        2|
 1045|  2238189|    HIGH|  SLICE|     3049|
 1046|  2241242|  DISPOS|    AUD|        2|
 1047|  2241248|    HIGH|  SLICE|     2835|
 1048|  2244087|  DISPOS|    AUD|        2|
 1049|  2244093|    HIGH|  SLICE|     1993|
 1050|  2246090|  DISPOS|    AUD|        2|
 1051|  2246096|    HIGH|  SLICE|     1829|
 1052|  2247929|  DISPOS|    AUD|        2|
 1053|  2247935|    HIGH|  SLICE|      999|
 1054|  2248938|  DISPOS|    AUD|        2|
 1055|  2248944|    HIGH|  SLICE|      833|
 1056|  2249781|  DISPOS|    AUD|        2|
 1057|  2249787|    HIGH|  SLICE|      884|
 1058|  2250675|  DISPOS|    AUD|        2|
 1059|  2250681|    HIGH|  SLICE|      926|
 1060|  2251611|  DISPOS|    AUD|        2|
 1061|  2251617|    HIGH|  SLICE|      866|
 1062|  2252487|  DISPOS|    AUD|        2|
 1063|  2252493|    HIGH|  SLICE|      897|
 1064|  2253394|  DISPOS|    AUD|        2|
 1065|  2253400|    HIGH|  SLICE|     1095|
 1066|  2254499|  DISPOS|    AUD|        2|
 1067|  2254505|    HIGH|  SLICE|      801|
 1068|  2255310|  DISPOS|    AUD|        2|
 1069|  2255316|    HIGH|  SLICE|      657|
 1070|  2255977|  DISPOS|    AUD|        2|
 1071|  2255983|    HIGH|  SLICE|      632|
 1072|  2256619|  DISPOS|    AUD|        2|
 1073|  2256625|    HIGH|  SLICE|      466|
 1074|  2257095|  DISPOS|    AUD|        2|
 1075|  2257101|    HIGH|  SLICE|      552|
 1076|  2257657|  DISPOS|    AUD|        2|
 1077|  2257663|    HIGH|  SLICE|      512|
 1078|  2258179|  DISPOS|    AUD|        2|
 1079|  2258185|    HIGH|  SLICE|      383|
 1080|  2258572|  DISPOS|    AUD|        2|
 1081|  2258578|    HIGH|  SLICE|      341|
 1082|  2258923|  DISPOS|    AUD|        2|
 1083|  2258929|    HIGH|  SLICE|      333|
 1084|  2259266|  DISPOS|    AUD|        2|
 1085|  2259272|    HIGH|  SLICE|      422|
 1086|  2259698|  DISPOS|    AUD|        2|
 1087|  2259704|    HIGH|  SLICE|      515|
 1088|  2260223|  DISPOS|    AUD|        2|
 1089|  2260229|    HIGH|  SLICE|     3131|
 1090|  2263364|  DISPOS|    AUD|        2|
 1091|  2263370|    HIGH|  SLICE|     1258|
 1092|  2264632|  DISPOS|    AUD|        2|
 1093|  2264638|    HIGH|  SLICE|      539|
 1094|  2265181|  DISPOS|    AUD|        2|
 1095|  2265187|    HIGH|  SLICE|      348|
 1096|  2265539|  DISPOS|    AUD|        2|
 1097|  2265545|    HIGH|  SLICE|      442|
 1098|  2265991|  DISPOS|    AUD|        2|
 1099|  2265997|    HIGH|  SLICE|      376|
 1100|  2266377|  DISPOS|    AUD|        2|
 1101|  2266383|    HIGH|  SLICE|      346|
 1102|  2266733|  DISPOS|    AUD|        2|
 1103|  2266739|    HIGH|  SLICE|      498|
 1104|  2267241|  DISPOS|    AUD|        2|
 1105|  2267247|    HIGH|  SLICE|      323|
 1106|  2267574|  DISPOS|    AUD|        2|
 1107|  2267580|    HIGH|  SLICE|      401|
 1108|  2267985|  DISPOS|    AUD|        2|
 1109|  2267991|    HIGH|  SLICE|      377|
 1110|  2268372|  DISPOS|    AUD|        2|
 1111|  2268378|    HIGH|  SLICE|      344|
 1112|  2268726|  DISPOS|    AUD|        2|
 1113|  2268732|    HIGH|  SLICE|      235|
 1114|  2268971|  DISPOS|    AUD|        2|
 1115|  2268977|    HIGH|  SLICE|      337|
 1116|  2269318|  DISPOS|    AUD|        2|
 1117|  2269324|    HIGH|  SLICE|      328|
 1118|  2269656|  DISPOS|    AUD|        2|
 1119|  2269662|    HIGH|  SLICE|      358|
 1120|  2270024|  DISPOS|    AUD|        2|
 1121|  2270030|    HIGH|  SLICE|      337|
 1122|  2270371|  DISPOS|    AUD|        2|
 1123|  2270377|    HIGH|  SLICE|      323|
 1124|  2270704|  DISPOS|    AUD|        2|
 1125|  2270710|    HIGH|  SLICE|      374|
 1126|  2271088|  DISPOS|    AUD|        2|
 1127|  2271094|    HIGH|  SLICE|      367|
 1128|  2271465|  DISPOS|    AUD|        2|
 1129|  2271471|    HIGH|  SLICE|      356|
 1130|  2271831|  DISPOS|    AUD|        2|
 1131|  2271837|    HIGH|  SLICE|      255|
 1132|  2272096|  DISPOS|    AUD|        2|
 1133|  2272102|    HIGH|  SLICE|      366|
 1134|  2272472|  DISPOS|    AUD|        2|
 1135|  2272478|    HIGH|  SLICE|      152|
 1136|  2272634|  DISPOS|    AUD|        2|
 1137|  2272640|    HIGH|  SLICE|     2222|
 1138|  2274866|  DISPOS|    AUD|        2|
 1139|  2274872|    HIGH|  SLICE|      730|
 1140|  2275606|  DISPOS|    AUD|        2|
 1141|  2275612|    HIGH|  SLICE|      480|
 1142|  2276096|  DISPOS|    AUD|        2|
 1143|  2276102|    HIGH|  SLICE|      430|
 1144|  2276536|  DISPOS|    AUD|        2|
 1145|  2276542|    HIGH|  SLICE|      492|
 1146|  2277038|  DISPOS|    AUD|        2|
 1147|  2277044|    HIGH|  SLICE|      615|
 1148|  2277663|  DISPOS|    AUD|        2|
 1149|  2277669|    HIGH|  SLICE|      619|
 1150|  2278292|  DISPOS|    AUD|        2|
 1151|  2278298|    HIGH|  SLICE|      761|
 1152|  2279063|  DISPOS|    AUD|        2|
 1153|  2279069|    HIGH|  SLICE|      772|
 1154|  2279845|  DISPOS|    AUD|        2|
 1155|  2279851|    HIGH|  SLICE|      861|
 1156|  2280716|  DISPOS|    AUD|        2|
 1157|  2280722|    HIGH|  SLICE|      903|
 1158|  2281629|  DISPOS|    AUD|        2|
 1159|  2281635|    HIGH|  SLICE|      978|
 1160|  2282617|  DISPOS|    AUD|        2|
 1161|  2282623|    HIGH|  SLICE|      970|
 1162|  2283597|  DISPOS|    AUD|        2|
 1163|  2283603|    HIGH|  SLICE|     1054|
 1164|  2284661|  DISPOS|    AUD|        2|
 1165|  2284667|    HIGH|  SLICE|      915|
 1166|  2285586|  DISPOS|    AUD|        2|
 1167|  2285592|    HIGH|  SLICE|      884|
 1168|  2286480|  DISPOS|    AUD|        2|
 1169|  2286486|    HIGH|  SLICE|      934|
 1170|  2287424|  DISPOS|    AUD|        2|
 1171|  2287430|    HIGH|  SLICE|      793|
 1172|  2288227|  DISPOS|    AUD|        2|
 1173|  2288233|    HIGH|  SLICE|      744|
 1174|  2288981|  DISPOS|    AUD|        2|
 1175|  2288987|    HIGH|  SLICE|      695|
 1176|  2289686|  DISPOS|    AUD|        2|
 1177|  2289692|    HIGH|  SLICE|      725|
 1178|  2290421|  DISPOS|    AUD|        2|
 1179|  2290427|    HIGH|  SLICE|      677|
 1180|  2291108|  DISPOS|    AUD|        2|
 1181|  2291114|    HIGH|  SLICE|      701|
 1182|  2291819|  DISPOS|    AUD|        2|
 1183|  2291825|    HIGH|  SLICE|      403|
 1184|  2292232|  DISPOS|    AUD|        2|
 1185|  2292238|    HIGH|  SLICE|     2363|
 1186|  2294605|  DISPOS|    AUD|        2|
 1187|  2294611|    HIGH|  SLICE|      746|
 1188|  2295361|  DISPOS|    AUD|        2|
 1189|  2295367|    HIGH|  SLICE|      657|
 1190|  2296028|  DISPOS|    AUD|        2|
 1191|  2296034|    HIGH|  SLICE|      394|
 1192|  2296432|  DISPOS|    AUD|        2|
 1193|  2296438|    HIGH|  SLICE|      360|
 1194|  2296802|  DISPOS|    AUD|        2|
 1195|  2296808|    HIGH|  SLICE|      274|
 1196|  2297086|  DISPOS|    AUD|        2|
 1197|  2297092|    HIGH|  SLICE|      132|
 1198|  2297228|  DISPOS|    AUD|        2|
 1199|  2297234|    HIGH|  SLICE|      133|
 1200|  2297371|  DISPOS|    AUD|        2|
 1201|  2297377|    HIGH|  SLICE|      101|
 1202|  2297482|  DISPOS|    AUD|        2|
 1203|  2297488|    HIGH|  SLICE|      129|
 1204|  2297621|  DISPOS|    AUD|        2|
 1205|  2297627|    HIGH|  SLICE|      216|
 1206|  2297847|  DISPOS|    AUD|        2|
 1207|  2297853|    HIGH|  SLICE|     1329|
 1208|  2299186|  DISPOS|    AUD|        2|
 1209|  2299192|    HIGH|  SLICE|     3362|
 1210|  2302558|  DISPOS|    AUD|        2|
 1211|  2302564|    HIGH|  SLICE|     5631|
 1212|  2308199|  DISPOS|    AUD|        2|
 1213|  2308205|    HIGH|  SLICE|     6010|
 1214|  2314219|  DISPOS|    AUD|        2|
 1215|  2314225|    HIGH|  SLICE|     5862|
 1216|  2320091|  DISPOS|    AUD|        2|
 1217|  2320097|    HIGH|  SLICE|     7889|
 1218|  2327990|  DISPOS|    AUD|        2|
 1219|  2327996|    HIGH|  SLICE|     6654|
 1220|  2334654|  DISPOS|    AUD|        2|
 1221|  2334660|    HIGH|  SLICE|     3669|
 1222|  2338333|  DISPOS|    AUD|        2|
 1223|  2338339|    HIGH|  SLICE|     2205|
 1224|  2340548|  DISPOS|    AUD|        2|
 1225|  2340554|    HIGH|  SLICE|      715|
 1226|  2341273|  DISPOS|    AUD|        2|
 1227|  2341279|    HIGH|  SLICE|      589|
 1228|  2341872|  DISPOS|    AUD|        2|
 1229|  2341878|    HIGH|  SLICE|      595|
 1230|  2342477|  DISPOS|    AUD|        2|
 1231|  2342483|    HIGH|  SLICE|      403|
 1232|  2342890|  DISPOS|    AUD|        2|
 1233|  2342896|    HIGH|  SLICE|     3746|
 1234|  2346646|  DISPOS|    AUD|        2|
 1235|  2346652|    HIGH|  SLICE|     1301|
 1236|  2347957|  DISPOS|    AUD|        2|
 1237|  2347963|    HIGH|  SLICE|      774|
 1238|  2348741|  DISPOS|    AUD|        2|
 1239|  2348747|    HIGH|  SLICE|      561|
 1240|  2349312|  DISPOS|    AUD|        2|
 1241|  2349318|    HIGH|  SLICE|      568|
 1242|  2349890|  DISPOS|    AUD|        2|
 1243|  2349896|    HIGH|  SLICE|      440|
 1244|  2350340|  DISPOS|    AUD|        2|
 1245|  2350346|    HIGH|  SLICE|      442|
 1246|  2350792|  DISPOS|    AUD|        2|
 1247|  2350798|    HIGH|  SLICE|      262|
 1248|  2351064|  DISPOS|    AUD|        2|
 1249|  2351070|    HIGH|  SLICE|      255|
 1250|  2351329|  DISPOS|    AUD|        2|
 1251|  2351335|    HIGH|  SLICE|      355|
 1252|  2351694|  DISPOS|    AUD|        2|
 1253|  2351700|    HIGH|  SLICE|      229|
 1254|  2351933|  DISPOS|    AUD|        2|
 1255|  2351939|    HIGH|  SLICE|      214|
 1256|  2352157|  DISPOS|    AUD|        2|
 1257|  2352163|    HIGH|  SLICE|      178|
 1258|  2352345|  DISPOS|    AUD|        2|
 1259|  2352351|    HIGH|  SLICE|      179|
 1260|  2352534|  DISPOS|    AUD|        2|
 1261|  2352540|    HIGH|  SLICE|      229|
 1262|  2352773|  DISPOS|    AUD|        2|
 1263|  2352779|    HIGH|  SLICE|      236|
 1264|  2353019|  DISPOS|    AUD|        2|
 1265|  2353025|    HIGH|  SLICE|      300|
 1266|  2353329|  DISPOS|    AUD|        2|
 1267|  2353335|    HIGH|  SLICE|      296|
 1268|  2353635|  DISPOS|    AUD|        2|
 1269|  2353641|    HIGH|  SLICE|      290|
 1270|  2353935|  DISPOS|    AUD|        2|
 1271|  2353941|    HIGH|  SLICE|      583|
 1272|  2354528|  DISPOS|    AUD|        2|
 1273|  2354534|    HIGH|  SLICE|      623|
 1274|  2355161|  DISPOS|    AUD|        2|
 1275|  2355167|    HIGH|  SLICE|      884|
 1276|  2356055|  DISPOS|    AUD|        2|
 1277|  2356061|    HIGH|  SLICE|      840|
 1278|  2356905|  DISPOS|    AUD|        2|
 1279|  2356911|    HIGH|  SLICE|      978|
 1280|  2357893|  DISPOS|    AUD|        2|
 1281|  2357899|    HIGH|  SLICE|     3518|
 1282|  2361421|  DISPOS|    AUD|        2|
 1283|  2361427|    HIGH|  SLICE|     1468|
 1284|  2362899|  DISPOS|    AUD|        2|
 1285|  2362905|    HIGH|  SLICE|     1503|
 1286|  2364412|  DISPOS|    AUD|        2|
 1287|  2364418|    HIGH|  SLICE|      831|
 1288|  2365253|  DISPOS|    AUD|        2|
 1289|  2365259|    HIGH|  SLICE|      649|
 1290|  2365912|  DISPOS|    AUD|        2|
 1291|  2365918|    HIGH|  SLICE|      632|
 1292|  2366554|  DISPOS|    AUD|        2|
 1293|  2366560|    HIGH|  SLICE|      506|
 1294|  2367070|  DISPOS|    AUD|        2|
 1295|  2367076|    HIGH|  SLICE|      401|
 1296|  2367481|  DISPOS|    AUD|        2|
 1297|  2367487|    HIGH|  SLICE|      357|
 1298|  2367848|  DISPOS|    AUD|        2|
 1299|  2367854|    HIGH|  SLICE|      239|
 1300|  2368097|  DISPOS|    AUD|        2|
 1301|  2368103|    HIGH|  SLICE|      246|
 1302|  2368353|  DISPOS|    AUD|        2|
 1303|  2368359|    HIGH|  SLICE|      249|
 1304|  2368612|  DISPOS|    AUD|        2|
 1305|  2368618|    HIGH|  SLICE|      434|
 1306|  2369056|  DISPOS|    AUD|        2|
 1307|  2369062|    HIGH|  SLICE|      577|
 1308|  2369643|  DISPOS|    AUD|        2|
 1309|  2369649|    HIGH|  SLICE|      634|
 1310|  2370287|  DISPOS|    AUD|        2|
 1311|  2370293|    HIGH|  SLICE|      663|
 1312|  2370960|  DISPOS|    AUD|        2|
 1313|  2370966|    HIGH|  SLICE|      688|
 1314|  2371658|  DISPOS|    AUD|        2|
 1315|  2371664|    HIGH|  SLICE|      622|
 1316|  2372290|  DISPOS|    AUD|        2|
 1317|  2372296|    HIGH|  SLICE|      725|
 1318|  2373025|  DISPOS|    AUD|        2|
 1319|  2373031|    HIGH|  SLICE|      743|
 1320|  2373778|  DISPOS|    AUD|        2|
 1321|  2373784|    HIGH|  SLICE|      697|
 1322|  2374485|  DISPOS|    AUD|        2|
 1323|  2374491|    HIGH|  SLICE|      808|
 1324|  2375303|  DISPOS|    AUD|        2|
 1325|  2375309|    HIGH|  SLICE|      769|
 1326|  2376082|  DISPOS|    AUD|        2|
 1327|  2376088|    HIGH|  SLICE|      617|
 1328|  2376709|  DISPOS|    AUD|        2|
 1329|  2376715|    HIGH|  SLICE|     2678|
 1330|  2379397|  DISPOS|    AUD|        2|
 1331|  2379403|    HIGH|  SLICE|      954|
 1332|  2380361|  DISPOS|    AUD|        2|
 1333|  2380367|    HIGH|  SLICE|      851|
 1334|  2381222|  DISPOS|    AUD|        2|
 1335|  2381228|    HIGH|  SLICE|      960|
 1336|  2382192|  DISPOS|    AUD|        2|
 1337|  2382198|    HIGH|  SLICE|      811|
 1338|  2383013|  DISPOS|    AUD|        2|
 1339|  2383019|    HIGH|  SLICE|      724|
 1340|  2383747|  DISPOS|    AUD|        2|
 1341|  2383753|    HIGH|  SLICE|      718|
 1342|  2384475|  DISPOS|    AUD|        2|
 1343|  2384481|    HIGH|  SLICE|      774|
 1344|  2385259|  DISPOS|    AUD|        2|
 1345|  2385265|    HIGH|  SLICE|      482|
 1346|  2385751|  DISPOS|    AUD|        2|
 1347|  2385757|    HIGH|  SLICE|      555|
 1348|  2386316|  DISPOS|    AUD|        2|
 1349|  2386322|    HIGH|  SLICE|      522|
 1350|  2386848|  DISPOS|    AUD|        2|
 1351|  2386854|    HIGH|  SLICE|      425|
 1352|  2387283|  DISPOS|    AUD|        2|
 1353|  2387289|    HIGH|  SLICE|      417|
 1354|  2387710|  DISPOS|    AUD|        2|
 1355|  2387716|    HIGH|  SLICE|      425|
 1356|  2388145|  DISPOS|    AUD|        2|
 1357|  2388151|    HIGH|  SLICE|      767|
 1358|  2388922|  DISPOS|    AUD|        2|
 1359|  2388928|    HIGH|  SLICE|     1407|
 1360|  2390339|  DISPOS|    AUD|        2|
 1361|  2390345|    HIGH|  SLICE|     2133|
 1362|  2392482|  DISPOS|    AUD|        2|
 1363|  2392488|    HIGH|  SLICE|     2786|
 1364|  2395278|  DISPOS|    AUD|        2|
 1365|  2395284|    HIGH|  SLICE|     3532|
 1366|  2398820|  DISPOS|    AUD|        2|
 1367|  2398826|    HIGH|  SLICE|     6614|
 1368|  2405444|  DISPOS|    AUD|        2|
 1369|  2405450|    HIGH|  SLICE|     5198|
 1370|  2410652|  DISPOS|    AUD|        2|
 1371|  2410658|    HIGH|  SLICE|     4387|
 1372|  2415049|  DISPOS|    AUD|        2|
 1373|  2415055|    HIGH|  SLICE|     3724|
 1374|  2418783|  DISPOS|    AUD|        2|
 1375|  2418789|    HIGH|  SLICE|     3439|
 1376|  2422232|  DISPOS|    AUD|        2|
 1377|  2422238|    HIGH|  SLICE|     6698|
 1378|  2428940|  DISPOS|    AUD|        2|
 1379|  2428946|    HIGH|  SLICE|     4002|
 1380|  2432952|  DISPOS|    AUD|        2|
 1381|  2432958|    HIGH|  SLICE|     2441|
 1382|  2435403|  DISPOS|    AUD|        2|
 1383|  2435409|    HIGH|  SLICE|     1175|
 1384|  2436588|  DISPOS|    AUD|        2|
 1385|  2436594|    HIGH|  SLICE|      768|
 1386|  2437366|  DISPOS|    AUD|        2|
 1387|  2437372|    HIGH|  SLICE|      463|
 1388|  2437839|  DISPOS|    AUD|        2|
 1389|  2437845|    HIGH|  SLICE|      371|
 1390|  2438220|  DISPOS|    AUD|        2|
 1391|  2438226|    HIGH|  SLICE|      432|
 1392|  2438662|  DISPOS|    AUD|        2|
 1393|  2438668|    HIGH|  SLICE|      385|
 1394|  2439057|  DISPOS|    AUD|        2|
 1395|  2439063|    HIGH|  SLICE|      403|
 1396|  2439470|  DISPOS|    AUD|        2|
 1397|  2439476|    HIGH|  SLICE|      401|
 1398|  2439881|  DISPOS|    AUD|        2|
 1399|  2439887|    HIGH|  SLICE|      357|
 1400|  2440248|  DISPOS|    AUD|        2|
 1401|  2440254|    HIGH|  SLICE|      429|
 1402|  2440687|  DISPOS|    AUD|        2|
 1403|  2440693|    HIGH|  SLICE|      549|
 1404|  2441246|  DISPOS|    AUD|        2|
 1405|  2441252|    HIGH|  SLICE|      546|
 1406|  2441802|  DISPOS|    AUD|        2|
 1407|  2441808|    HIGH|  SLICE|      750|
 1408|  2442562|  DISPOS|    AUD|        2|
 1409|  2442568|    HIGH|  SLICE|      646|
 1410|  2443218|  DISPOS|    AUD|        2|
 1411|  2443224|    HIGH|  SLICE|      957|
 1412|  2444185|  DISPOS|    AUD|        2|
 1413|  2444191|    HIGH|  SLICE|      933|
 1414|  2445128|  DISPOS|    AUD|        2|
 1415|  2445134|    HIGH|  SLICE|     1352|
 1416|  2446490|  DISPOS|    AUD|        2|
 1417|  2446496|    HIGH|  SLICE|     1362|
 1418|  2447862|  DISPOS|    AUD|        2|
 1419|  2447868|    HIGH|  SLICE|     1863|
 1420|  2449735|  DISPOS|    AUD|        2|
 1421|  2449741|    HIGH|  SLICE|     1861|
 1422|  2451606|  DISPOS|    AUD|        2|
 1423|  2451612|    HIGH|  SLICE|     1811|
 1424|  2453427|  DISPOS|    AUD|        2|
 1425|  2453433|    HIGH|  SLICE|     5700|
 1426|  2459137|  DISPOS|    AUD|        2|
 1427|  2459143|    HIGH|  SLICE|     2619|
 1428|  2461766|  DISPOS|    AUD|        2|
 1429|  2461772|    HIGH|  SLICE|     1996|
 1430|  2463772|  DISPOS|    AUD|        2|
 1431|  2463778|    HIGH|  SLICE|     3131|
 1432|  2466913|  DISPOS|    AUD|        2|
 1433|  2466919|    HIGH|  SLICE|     2615|
 1434|  2469538|  DISPOS|    AUD|        2|
 1435|  2469544|    HIGH|  SLICE|     3168|
 1436|  2472716|  DISPOS|    AUD|        2|
 1437|  2472722|    HIGH|  SLICE|     3208|
 1438|  2475934|  DISPOS|    AUD|        2|
 1439|  2475940|    HIGH|  SLICE|     3695|
 1440|  2479639|  DISPOS|    AUD|        2|
 1441|  2479645|    HIGH|  SLICE|     2705|
 1442|  2482354|  DISPOS|    AUD|        2|
 1443|  2482360|    HIGH|  SLICE|     3107|
 1444|  2485471|  DISPOS|    AUD|        2|
 1445|  2485477|    HIGH|  SLICE|     1755|
 1446|  2487236|  DISPOS|    AUD|        2|
 1447|  2487242|    HIGH|  SLICE|      501|
 1448|  2487747|  DISPOS|    AUD|        2|
 1449|  2487753|    HIGH|  SLICE|      100|
 1450|  2487857|  DISPOS|    AUD|        2|
 1451|  2487863|    HIGH|  SLICE|       74|
 1452|  2487941|  DISPOS|    AUD|        2|
 1453|  2487947|    HIGH|  SLICE|       45|
 1454|  2487996|  DISPOS|    AUD|        2|
 1455|  2488002|    HIGH|  SLICE|       38|
 1456|  2488044|  DISPOS|    AUD|        2|
 1457|  2488050|    HIGH|  SLICE|       25|
 1458|  2488079|  DISPOS|    AUD|        2|
 1459|  2488085|    HIGH|  SLICE|       24|
 1460|  2488113|  DISPOS|    AUD|        2|
 1461|  2488119|    HIGH|  SLICE|       23|
[2023-06-07 19:06:54.865] [info] sip init begin.
[2023-06-07 19:06:54.865] [info] local ip is 192.168.50.241                                                                                                                  
[2023-06-07 19:06:54.865] [info] from uri is sip:34030000002000000001@192.168.50.241                                                                                                                  :5060
[2023-06-07 19:06:54.865] [info] contact is sip:34030000002000000001@192.168.50.241                                                                                                                  :5060
[2023-06-07 19:06:54.865] [info] proxy_uri is sip:34070000002000000001@192.168.50.100:5061
[2023-06-07 19:06:54.873] [info] got REGISTRATION_FAILURE
[2023-06-07 19:06:54.879] [info] got REGISTRATION_FAILURE
[2023-06-07 19:06:54.888] [info] got REGISTRATION_SUCCESS
[2023-06-07 19:07:04.709] [info] got MESSAGE_NEW
